<?xml version="1.0" encoding="utf-8"?><testsuites name="pytest tests"><testsuite name="pytest" errors="0" failures="0" skipped="0" tests="11" time="2.212" timestamp="2026-05-08T12:52:49.788855+00:00" hostname="agent-env-6bbd624d-0360-47f5-9310-15eca321dd5d"><testcase classname="backend.tests.test_quote_api.TestHealth" name="test_health" time="0.732" /><testcase classname="backend.tests.test_quote_api.TestHealth" name="test_root" time="0.035" /><testcase classname="backend.tests.test_quote_api.TestQuoteCreate" name="test_create_quote_success" time="0.453" /><testcase classname="backend.tests.test_quote_api.TestQuoteCreate" name="test_persistence_via_list" time="0.059" /><testcase classname="backend.tests.test_quote_api.TestQuoteValidation" name="test_invalid_email" time="0.042" /><testcase classname="backend.tests.test_quote_api.TestQuoteValidation" name="test_phone_too_short" time="0.080" /><testcase classname="backend.tests.test_quote_api.TestQuoteValidation" name="test_missing_fields" time="0.043" /><testcase classname="backend.tests.test_quote_api.TestQuoteValidation" name="test_message_too_short" time="0.058" /><testcase classname="backend.tests.test_quote_api.TestQuoteValidation" name="test_name_too_short" time="0.039" /><testcase classname="backend.tests.test_quote_api.TestHoneypot" name="test_honeypot_rejects_and_not_persisted" time="0.132" /><testcase classname="backend.tests.test_quote_api.TestEmailSoftFail" name="test_quote_persists_even_if_email_fails" time="0.468" /></testsuite></testsuites>